#
# There is insufficient memory for the Java Runtime Environment to continue.
# Native memory allocation (malloc) failed to allocate 304672 bytes. Error detail: Chunk::new
# Possible reasons:
#   The system is out of physical RAM or swap space
#   This process is running with CompressedOops enabled, and the Java Heap may be blocking the growth of the native heap
# Possible solutions:
#   Reduce memory load on the system
#   Increase physical memory or swap space
#   Check if swap backing store is full
#   Decrease Java heap size (-Xmx/-Xms)
#   Decrease number of Java threads
#   Decrease Java thread stack sizes (-Xss)
#   Set larger code cache with -XX:ReservedCodeCacheSize=
#   JVM is running with Zero Based Compressed Oops mode in which the Java heap is
#     placed in the first 32GB address space. The Java Heap base address is the
#     maximum limit for the native heap growth. Please use -XX:HeapBaseMinAddress
#     to set the Java Heap base and to place the Java Heap above 32GB virtual address.
# This output file may be truncated or incomplete.
#
#  Out of Memory Error (arena.cpp:191), pid=459316, tid=522256
#
# JRE version: OpenJDK Runtime Environment Microsoft-11926163 (17.0.16+8) (build 17.0.16+8-LTS)
# Java VM: OpenJDK 64-Bit Server VM Microsoft-11926163 (17.0.16+8-LTS, mixed mode, sharing, tiered, compressed oops, compressed class ptrs, g1 gc, windows-amd64)
# No core dump will be written. Minidumps are not enabled by default on client versions of Windows
#

---------------  S U M M A R Y ------------

Command Line: -javaagent:C:\Users\PalRag\AppData\Local\JetBrains\IdeaIC2025.2\captureAgent\debugger-agent.jar=file:///C:/Users/PalRag/AppData/Local/Temp/capture9679927712776534021.props -ea -DtestType=UI -Didea.test.cyclic.buffer.size=1048576 -javaagent:C:\Users\PalRag\Documents\Development\IntelliJ IDEA Community Edition 2025.2\lib\idea_rt.jar=56392 -Dkotlinx.coroutines.debug.enable.creation.stack.trace=false -Ddebugger.agent.enable.coroutines=true -Dkotlinx.coroutines.debug.enable.flows.stack.trace=true -Dkotlinx.coroutines.debug.enable.mutable.state.flows.stack.trace=true -Dfile.encoding=UTF-8 com.intellij.rt.testng.RemoteTestNGStarter -usedefaultlisteners false -socket56390 @w@C:\Users\PalRag\AppData\Local\Temp\idea_working_dirs_testng9.tmp -temp C:\Users\PalRag\AppData\Local\Temp\idea_testng8.tmp

Host: Intel(R) Xeon(R) Gold 6248 CPU @ 2.50GHz, 4 cores, 31G,  Windows 10 , 64 bit Build 19041 (10.0.19041.5915)
Time: Fri Sep 19 15:58:16 2025 India Standard Time elapsed time: 179.647573 seconds (0d 0h 2m 59s)

---------------  T H R E A D  ---------------

Current thread (0x000001e5cd778d70):  JavaThread "C2 CompilerThread0" daemon [_thread_in_native, id=522256, stack(0x000000cc76800000,0x000000cc76900000)]


Current CompileTask:
C2: 179647 8937       4       java.util.function.BiPredicate$$Lambda$780/0x000001e5d141da00::test (16 bytes)

Stack: [0x000000cc76800000,0x000000cc76900000]
Native frames: (J=compiled Java code, j=interpreted, Vv=VM code, C=native code)
V  [jvm.dll+0x68ee19]
V  [jvm.dll+0x846249]
V  [jvm.dll+0x847fb8]
V  [jvm.dll+0x848643]
V  [jvm.dll+0x24cf6f]
V  [jvm.dll+0xaecb6]
V  [jvm.dll+0xaf35c]
V  [jvm.dll+0x37139e]
V  [jvm.dll+0x33b7a5]
V  [jvm.dll+0x33ac0a]
V  [jvm.dll+0x21df29]
V  [jvm.dll+0x21d36d]
V  [jvm.dll+0x1a8ce6]
V  [jvm.dll+0x22db1b]
V  [jvm.dll+0x22bca6]
V  [jvm.dll+0x7fba9b]
V  [jvm.dll+0x7f5e9c]
V  [jvm.dll+0x68dd27]
C  [ucrtbase.dll+0x21bb2]
C  [KERNEL32.DLL+0x17374]
C  [ntdll.dll+0x4cc91]


---------------  P R O C E S S  ---------------

Threads class SMR info:
_java_thread_list=0x000001e61a0e0360, length=80, elements={
0x000001e5a39e8460, 0x000001e5cd7621d0, 0x000001e5cd763850, 0x000001e5cd76b4d0,
0x000001e5cd76c1b0, 0x000001e5cd76d440, 0x000001e5cd7719b0, 0x000001e5cd778d70,
0x000001e5cd77a630, 0x000001e5cd797ea0, 0x000001e61507bd00, 0x000001e61507a8c0,
0x000001e61507c210, 0x000001e615078f70, 0x000001e6180763d0, 0x000001e618325bc0,
0x000001e6194e20b0, 0x000001e6194e2fe0, 0x000001e6194e4930, 0x000001e6194e3f10,
0x000001e6194e1690, 0x000001e6194e4420, 0x000001e6194de900, 0x000001e6194df320,
0x000001e6194e0250, 0x000001e615011f40, 0x000001e6150100e0, 0x000001e615011520,
0x000001e615012450, 0x000001e615012e70, 0x000001e615012960, 0x000001e618324270,
0x000001e6194e1ba0, 0x000001e6155e36a0, 0x000001e6155e3190, 0x000001e6155dfef0,
0x000001e6155e1840, 0x000001e6155e1d50, 0x000001e6155e0e20, 0x000001e6155e4ae0,
0x000001e6155e45d0, 0x000001e6155de5a0, 0x000001e6155ddb80, 0x000001e6155e3bb0,
0x000001e6155e2260, 0x000001e6155e2770, 0x000001e6155e2c80, 0x000001e6155e5500,
0x000001e6155e0400, 0x000001e6155df9e0, 0x000001e6155deab0, 0x000001e6155defc0,
0x000001e615013890, 0x000001e6194df830, 0x000001e6195f7de0, 0x000001e6195f82f0,
0x000001e6195f4b40, 0x000001e6195f78d0, 0x000001e6195f8d10, 0x000001e6195f9220,
0x000001e6195f8800, 0x000001e6195f27d0, 0x000001e6195f1db0, 0x000001e6195f4630,
0x000001e6195f9730, 0x000001e6195f22c0, 0x000001e6195f3c10, 0x000001e6195f2ce0,
0x000001e6195f31f0, 0x000001e6195f5f80, 0x000001e616ec1c70, 0x000001e619561960,
0x000001e619b9f0b0, 0x000001e619b9ffe0, 0x000001e619b9eba0, 0x000001e619ba0a00,
0x000001e619b99aa0, 0x000001e619ba3280, 0x000001e619ba2860, 0x000001e619ba7e70
}

Java Threads: ( => current thread )
  0x000001e5a39e8460 JavaThread "main" [_thread_blocked, id=521976, stack(0x000000cc75b00000,0x000000cc75c00000)]
  0x000001e5cd7621d0 JavaThread "Reference Handler" daemon [_thread_blocked, id=522428, stack(0x000000cc76200000,0x000000cc76300000)]
  0x000001e5cd763850 JavaThread "Finalizer" daemon [_thread_blocked, id=520016, stack(0x000000cc76300000,0x000000cc76400000)]
  0x000001e5cd76b4d0 JavaThread "Signal Dispatcher" daemon [_thread_blocked, id=520548, stack(0x000000cc76400000,0x000000cc76500000)]
  0x000001e5cd76c1b0 JavaThread "Attach Listener" daemon [_thread_blocked, id=520564, stack(0x000000cc76500000,0x000000cc76600000)]
  0x000001e5cd76d440 JavaThread "Service Thread" daemon [_thread_blocked, id=520568, stack(0x000000cc76600000,0x000000cc76700000)]
  0x000001e5cd7719b0 JavaThread "Monitor Deflation Thread" daemon [_thread_blocked, id=520500, stack(0x000000cc76700000,0x000000cc76800000)]
=>0x000001e5cd778d70 JavaThread "C2 CompilerThread0" daemon [_thread_in_native, id=522256, stack(0x000000cc76800000,0x000000cc76900000)]
  0x000001e5cd77a630 JavaThread "C1 CompilerThread0" daemon [_thread_blocked, id=518912, stack(0x000000cc76900000,0x000000cc76a00000)]
  0x000001e5cd797ea0 JavaThread "Sweeper thread" daemon [_thread_blocked, id=518452, stack(0x000000cc76a00000,0x000000cc76b00000)]
  0x000001e61507bd00 JavaThread "Common-Cleaner" daemon [_thread_blocked, id=520904, stack(0x000000cc76b00000,0x000000cc76c00000)]
  0x000001e61507a8c0 JavaThread "IntelliJ Suspend Helper" daemon [_thread_blocked, id=522128, stack(0x000000cc76c00000,0x000000cc76d00000)]
  0x000001e61507c210 JavaThread "Monitor Ctrl-Break" daemon [_thread_in_native, id=522080, stack(0x000000cc76d00000,0x000000cc76e00000)]
  0x000001e615078f70 JavaThread "Notification Thread" daemon [_thread_blocked, id=521612, stack(0x000000cc76e00000,0x000000cc76f00000)]
  0x000001e6180763d0 JavaThread "ForkJoinPool.commonPool-worker-3" daemon [_thread_blocked, id=517520, stack(0x000000cc77700000,0x000000cc77800000)]
  0x000001e618325bc0 JavaThread "HttpClient-1-SelectorManager" daemon [_thread_in_native, id=518528, stack(0x000000cc77800000,0x000000cc77900000)]
  0x000001e6194e20b0 JavaThread "mysql-cj-abandoned-connection-cleanup" daemon [_thread_blocked, id=521720, stack(0x000000cc77b00000,0x000000cc77c00000)]
  0x000001e6194e2fe0 JavaThread "PostgreSQL-JDBC-Cleaner" daemon [_thread_blocked, id=522016, stack(0x000000cc77d00000,0x000000cc77e00000)]
  0x000001e6194e4930 JavaThread "HikariPool-1 housekeeper" daemon [_thread_blocked, id=519672, stack(0x000000cc77e00000,0x000000cc77f00000)]
  0x000001e6194e3f10 JavaThread "Forwarding findElements on session 46f06290c9ae003eef51f0a576436e9f to remote" [_thread_blocked, id=521500, stack(0x000000cc77f00000,0x000000cc78000000)]
  0x000001e6194e1690 JavaThread "Forwarding findElements on session 0625b0085df8f0fd8c0a06fb98f20d12 to remote" [_thread_blocked, id=523072, stack(0x000000cc78000000,0x000000cc78100000)]
  0x000001e6194e4420 JavaThread "Forwarding findElements on session 1cb2019dcfa767e301f5f60c0e8112d4 to remote" [_thread_blocked, id=521404, stack(0x000000cc78100000,0x000000cc78200000)]
  0x000001e6194de900 JavaThread "Forwarding findElements on session 998b8789b2e1956d00a17c225e40f1dd to remote" [_thread_blocked, id=521928, stack(0x000000cc78200000,0x000000cc78300000)]
  0x000001e6194df320 JavaThread "Forwarding findElements on session 61dd01535ba95f4d1e488fc13510bf71 to remote" [_thread_blocked, id=521736, stack(0x000000cc78300000,0x000000cc78400000)]
  0x000001e6194e0250 JavaThread "Forwarding findElements on session 42a8d9363e7fee5bd835c50401c0d4eb to remote" [_thread_blocked, id=520640, stack(0x000000cc78400000,0x000000cc78500000)]
  0x000001e615011f40 JavaThread "HttpClient-2-SelectorManager" daemon [_thread_in_native, id=518396, stack(0x000000cc77c00000,0x000000cc77d00000)]
  0x000001e6150100e0 JavaThread "HttpClient-3-SelectorManager" daemon [_thread_in_native, id=520172, stack(0x000000cc78700000,0x000000cc78800000)]
  0x000001e615011520 JavaThread "HttpClient-4-SelectorManager" daemon [_thread_in_native, id=514460, stack(0x000000cc78800000,0x000000cc78900000)]
  0x000001e615012450 JavaThread "External Process Output Forwarder - C:\Users\PalRag\.cache\selenium\chromedriver\win64\136.0.7103.113\chromedriver.exe" daemon [_thread_in_native, id=523236, stack(0x000000cc78c00000,0x000000cc78d00000)]
  0x000001e615012e70 JavaThread "Driver Service Executor" daemon [_thread_blocked, id=520300, stack(0x000000cc78d00000,0x000000cc78e00000)]
  0x000001e615012960 JavaThread "Driver Service Executor" daemon [_thread_blocked, id=520048, stack(0x000000cc78e00000,0x000000cc78f00000)]
  0x000001e618324270 JavaThread "External Process Output Forwarder - C:\Users\PalRag\.cache\selenium\chromedriver\win64\136.0.7103.113\chromedriver.exe" daemon [_thread_in_native, id=519216, stack(0x000000cc79000000,0x000000cc79100000)]
  0x000001e6194e1ba0 JavaThread "Driver Service Executor" daemon [_thread_blocked, id=458804, stack(0x000000cc79100000,0x000000cc79200000)]
  0x000001e6155e36a0 JavaThread "Driver Service Executor" daemon [_thread_blocked, id=520320, stack(0x000000cc79200000,0x000000cc79300000)]
  0x000001e6155e3190 JavaThread "External Process Output Forwarder - C:\Users\PalRag\.cache\selenium\chromedriver\win64\136.0.7103.113\chromedriver.exe" daemon [_thread_in_native, id=517596, stack(0x000000cc78500000,0x000000cc78600000)]
  0x000001e6155dfef0 JavaThread "Driver Service Executor" daemon [_thread_blocked, id=521584, stack(0x000000cc79400000,0x000000cc79500000)]
  0x000001e6155e1840 JavaThread "Driver Service Executor" daemon [_thread_blocked, id=521836, stack(0x000000cc79500000,0x000000cc79600000)]
  0x000001e6155e1d50 JavaThread "HttpClient-5-SelectorManager" daemon [_thread_in_native, id=466504, stack(0x000000cc78900000,0x000000cc78a00000)]
  0x000001e6155e0e20 JavaThread "External Process Output Forwarder - C:\Users\PalRag\.cache\selenium\chromedriver\win64\136.0.7103.113\chromedriver.exe" daemon [_thread_in_native, id=456992, stack(0x000000cc79700000,0x000000cc79800000)]
  0x000001e6155e4ae0 JavaThread "Driver Service Executor" daemon [_thread_blocked, id=521344, stack(0x000000cc79800000,0x000000cc79900000)]
  0x000001e6155e45d0 JavaThread "Driver Service Executor" daemon [_thread_blocked, id=522084, stack(0x000000cc79900000,0x000000cc79a00000)]
  0x000001e6155de5a0 JavaThread "JdkHttpClient-2-0" daemon [_thread_blocked, id=521504, stack(0x000000cc79c00000,0x000000cc79d00000)]
  0x000001e6155ddb80 JavaThread "CompletableFutureDelayScheduler" daemon [_thread_blocked, id=514120, stack(0x000000cc79d00000,0x000000cc79e00000)]
  0x000001e6155e3bb0 JavaThread "JdkHttpClient-2-1" daemon [_thread_blocked, id=522672, stack(0x000000cc79e00000,0x000000cc79f00000)]
  0x000001e6155e2260 JavaThread "JdkHttpClient-2-2" daemon [_thread_blocked, id=519568, stack(0x000000cc79f00000,0x000000cc7a000000)]
  0x000001e6155e2770 JavaThread "JdkHttpClient-1-0" daemon [_thread_blocked, id=511888, stack(0x000000cc7a000000,0x000000cc7a100000)]
  0x000001e6155e2c80 JavaThread "JdkHttpClient-1-1" daemon [_thread_blocked, id=516524, stack(0x000000cc7a100000,0x000000cc7a200000)]
  0x000001e6155e5500 JavaThread "JdkHttpClient-1-2" daemon [_thread_blocked, id=521300, stack(0x000000cc7a200000,0x000000cc7a300000)]
  0x000001e6155e0400 JavaThread "JdkHttpClient-3-0" daemon [_thread_blocked, id=267628, stack(0x000000cc7a300000,0x000000cc7a400000)]
  0x000001e6155df9e0 JavaThread "JdkHttpClient-3-1" daemon [_thread_blocked, id=523092, stack(0x000000cc7a400000,0x000000cc7a500000)]
  0x000001e6155deab0 JavaThread "JdkHttpClient-3-2" daemon [_thread_blocked, id=521572, stack(0x000000cc7a500000,0x000000cc7a600000)]
  0x000001e6155defc0 JavaThread "HttpClient-6-SelectorManager" daemon [_thread_in_native, id=522688, stack(0x000000cc78a00000,0x000000cc78b00000)]
  0x000001e615013890 JavaThread "JdkHttpClient-0-1" daemon [_thread_blocked, id=522352, stack(0x000000cc7a700000,0x000000cc7a800000)]
  0x000001e6194df830 JavaThread "JdkHttpClient-0-2" daemon [_thread_blocked, id=522204, stack(0x000000cc7a800000,0x000000cc7a900000)]
  0x000001e6195f7de0 JavaThread "External Process Output Forwarder - C:\Users\PalRag\.cache\selenium\chromedriver\win64\136.0.7103.113\chromedriver.exe" daemon [_thread_in_native, id=515656, stack(0x000000cc7a900000,0x000000cc7aa00000)]
  0x000001e6195f82f0 JavaThread "Driver Service Executor" daemon [_thread_blocked, id=510672, stack(0x000000cc7aa00000,0x000000cc7ab00000)]
  0x000001e6195f4b40 JavaThread "Driver Service Executor" daemon [_thread_blocked, id=514484, stack(0x000000cc7ab00000,0x000000cc7ac00000)]
  0x000001e6195f78d0 JavaThread "JdkHttpClient-4-0" daemon [_thread_blocked, id=510016, stack(0x000000cc7ac00000,0x000000cc7ad00000)]
  0x000001e6195f8d10 JavaThread "JdkHttpClient-4-1" daemon [_thread_blocked, id=507424, stack(0x000000cc7ad00000,0x000000cc7ae00000)]
  0x000001e6195f9220 JavaThread "JdkHttpClient-4-2" daemon [_thread_blocked, id=513212, stack(0x000000cc7ae00000,0x000000cc7af00000)]
  0x000001e6195f8800 JavaThread "HttpClient-7-SelectorManager" daemon [_thread_in_native, id=516616, stack(0x000000cc78b00000,0x000000cc78c00000)]
  0x000001e6195f27d0 JavaThread "External Process Output Forwarder - C:\Users\PalRag\.cache\selenium\chromedriver\win64\136.0.7103.113\chromedriver.exe" daemon [_thread_in_native, id=513920, stack(0x000000cc7af00000,0x000000cc7b000000)]
  0x000001e6195f1db0 JavaThread "Driver Service Executor" daemon [_thread_blocked, id=510424, stack(0x000000cc7b000000,0x000000cc7b100000)]
  0x000001e6195f4630 JavaThread "Driver Service Executor" daemon [_thread_blocked, id=516188, stack(0x000000cc7b100000,0x000000cc7b200000)]
  0x000001e6195f9730 JavaThread "JdkHttpClient-5-0" daemon [_thread_blocked, id=522020, stack(0x000000cc7b200000,0x000000cc7b300000)]
  0x000001e6195f22c0 JavaThread "JdkHttpClient-5-1" daemon [_thread_blocked, id=522628, stack(0x000000cc7b300000,0x000000cc7b400000)]
  0x000001e6195f3c10 JavaThread "HttpClient-11-SelectorManager" daemon [_thread_in_native, id=512308, stack(0x000000cc79b00000,0x000000cc79c00000)]
  0x000001e6195f2ce0 JavaThread "HttpClient-10-SelectorManager" daemon [_thread_in_native, id=513556, stack(0x000000cc7b700000,0x000000cc7b800000)]
  0x000001e6195f31f0 JavaThread "HttpClient-9-SelectorManager" daemon [_thread_in_native, id=522896, stack(0x000000cc7b800000,0x000000cc7b900000)]
  0x000001e6195f5f80 JavaThread "HttpClient-8-SelectorManager" daemon [_thread_in_native, id=509452, stack(0x000000cc7bf00000,0x000000cc7c000000)]
  0x000001e616ec1c70 JavaThread "HttpClient-12-SelectorManager" daemon [_thread_in_native, id=524048, stack(0x000000cc75a00000,0x000000cc75b00000)]
  0x000001e619561960 JavaThread "HttpClient-13-SelectorManager" daemon [_thread_in_native, id=524104, stack(0x000000cc7c900000,0x000000cc7ca00000)]
  0x000001e619b9f0b0 JavaThread "JdkHttpClient-0-3" daemon [_thread_blocked, id=523936, stack(0x000000cc7ce00000,0x000000cc7cf00000)]
  0x000001e619b9ffe0 JavaThread "JdkHttpClient-5-3" daemon [_thread_blocked, id=526056, stack(0x000000cc77900000,0x000000cc77a00000)]
  0x000001e619b9eba0 JavaThread "JdkHttpClient-3-3" daemon [_thread_blocked, id=526992, stack(0x000000cc77500000,0x000000cc77600000)]
  0x000001e619ba0a00 JavaThread "JdkHttpClient-2-3" daemon [_thread_blocked, id=526404, stack(0x000000cc77a00000,0x000000cc77b00000)]
  0x000001e619b99aa0 JavaThread "JdkHttpClient-4-3" daemon [_thread_blocked, id=526472, stack(0x000000cc78f00000,0x000000cc79000000)]
  0x000001e619ba3280 JavaThread "JdkHttpClient-0-4" daemon [_thread_blocked, id=467960, stack(0x000000cc79300000,0x000000cc79400000)]
  0x000001e619ba2860 JavaThread "JdkHttpClient-1-3" daemon [_thread_blocked, id=527092, stack(0x000000cc79600000,0x000000cc79700000)]
  0x000001e619ba7e70 JavaThread "JdkHttpClient-5-4" daemon [_thread_blocked, id=525152, stack(0x000000cc79a00000,0x000000cc79b00000)]

Other Threads:
  0x000001e5cd752120 VMThread "VM Thread" [stack: 0x000000cc76100000,0x000000cc76200000] [id=520516]
  0x000001e615183aa0 WatcherThread [stack: 0x000000cc76f00000,0x000000cc77000000] [id=521936]
  0x000001e5cd5819b0 GCTaskThread "GC Thread#0" [stack: 0x000000cc75c00000,0x000000cc75d00000] [id=518884]
  0x000001e61602f570 GCTaskThread "GC Thread#1" [stack: 0x000000cc77100000,0x000000cc77200000] [id=453872]
  0x000001e6157bd980 GCTaskThread "GC Thread#2" [stack: 0x000000cc77200000,0x000000cc77300000] [id=467844]
  0x000001e6157bdc40 GCTaskThread "GC Thread#3" [stack: 0x000000cc77300000,0x000000cc77400000] [id=522052]
  0x000001e5a3a61100 ConcurrentGCThread "G1 Main Marker" [stack: 0x000000cc75d00000,0x000000cc75e00000] [id=513892]
  0x000001e5a146df20 ConcurrentGCThread "G1 Conc#0" [stack: 0x000000cc75e00000,0x000000cc75f00000] [id=511948]
  0x000001e5a3a9d570 ConcurrentGCThread "G1 Refine#0" [stack: 0x000000cc75f00000,0x000000cc76000000] [id=513872]
  0x000001e6157bdf00 ConcurrentGCThread "G1 Refine#1" [stack: 0x000000cc77400000,0x000000cc77500000] [id=521944]
  0x000001e619d49ad0 ConcurrentGCThread "G1 Refine#2" [stack: 0x000000cc7cd00000,0x000000cc7ce00000] [id=522068]
  0x000001e5a3a9ddb0 ConcurrentGCThread "G1 Service" [stack: 0x000000cc76000000,0x000000cc76100000] [id=521924]

Threads with active compile tasks:
C2 CompilerThread0   179865 8937       4       java.util.function.BiPredicate$$Lambda$780/0x000001e5d141da00::test (16 bytes)

VM state: not at safepoint (normal execution)

VM Mutex/Monitor currently owned by a thread: None

Heap address: 0x0000000600000000, size: 8192 MB, Compressed Oops mode: Zero based, Oop shift amount: 3

CDS archive(s) mapped at: [0x000001e5d0000000-0x000001e5d0bb0000-0x000001e5d0bb0000), size 12255232, SharedBaseAddress: 0x000001e5d0000000, ArchiveRelocationMode: 1.
Compressed class space mapped at: 0x000001e5d1000000-0x000001e611000000, reserved size: 1073741824
Narrow klass base: 0x000001e5d0000000, Narrow klass shift: 0, Narrow klass range: 0x100000000

GC Precious Log:
 CPUs: 4 total, 4 available
 Memory: 32767M
 Large Page Support: Disabled
 NUMA Support: Disabled
 Compressed Oops: Enabled (Zero based)
 Heap Region Size: 4M
 Heap Min Capacity: 8M
 Heap Initial Capacity: 512M
 Heap Max Capacity: 8G
 Pre-touch: Disabled
 Parallel Workers: 4
 Concurrent Workers: 1
 Concurrent Refinement Workers: 4
 Periodic GC: Disabled

Heap:
 garbage-first heap   total 233472K, used 129083K [0x0000000600000000, 0x0000000800000000)
  region size 4096K, 8 young (32768K), 2 survivors (8192K)
 Metaspace       used 67710K, committed 68480K, reserved 1114112K
  class space    used 8182K, committed 8512K, reserved 1048576K

Heap Regions: E=young(eden), S=young(survivor), O=old, HS=humongous(starts), HC=humongous(continues), CS=collection set, F=free, OA=open archive, CA=closed archive, TAMS=top-at-mark-start (previous, next)
|   0|0x0000000600000000, 0x0000000600400000, 0x0000000600400000|100%| O|  |TAMS 0x0000000600400000, 0x0000000600000000| Untracked 
|   1|0x0000000600400000, 0x0000000600800000, 0x0000000600800000|100%| O|  |TAMS 0x0000000600800000, 0x0000000600400000| Untracked 
|   2|0x0000000600800000, 0x0000000600c00000, 0x0000000600c00000|100%| O|  |TAMS 0x0000000600c00000, 0x0000000600800000| Untracked 
|   3|0x0000000600c00000, 0x0000000601000000, 0x0000000601000000|100%| O|  |TAMS 0x0000000601000000, 0x0000000600c00000| Untracked 
|   4|0x0000000601000000, 0x0000000601400000, 0x0000000601400000|100%| O|  |TAMS 0x0000000601400000, 0x0000000601000000| Untracked 
|   5|0x0000000601400000, 0x0000000601800000, 0x0000000601800000|100%| O|  |TAMS 0x0000000601800000, 0x0000000601400000| Untracked 
|   6|0x0000000601800000, 0x0000000601c00000, 0x0000000601c00000|100%| O|  |TAMS 0x0000000601c00000, 0x0000000601800000| Untracked 
|   7|0x0000000601c00000, 0x0000000602000000, 0x0000000602000000|100%| O|  |TAMS 0x0000000602000000, 0x0000000601c00000| Untracked 
|   8|0x0000000602000000, 0x0000000602400000, 0x0000000602400000|100%| O|  |TAMS 0x0000000602400000, 0x0000000602000000| Untracked 
|   9|0x0000000602400000, 0x0000000602800000, 0x0000000602800000|100%| O|  |TAMS 0x0000000602800000, 0x0000000602400000| Untracked 
|  10|0x0000000602800000, 0x0000000602c00000, 0x0000000602c00000|100%| O|  |TAMS 0x0000000602c00000, 0x0000000602800000| Untracked 
|  11|0x0000000602c00000, 0x0000000603000000, 0x0000000603000000|100%| O|  |TAMS 0x0000000602f70000, 0x0000000602c00000| Untracked 
|  12|0x0000000603000000, 0x00000006033d9000, 0x0000000603400000| 96%| O|  |TAMS 0x0000000603000000, 0x0000000603000000| Untracked 
|  13|0x0000000603400000, 0x0000000603800000, 0x0000000603800000|100%| O|  |TAMS 0x0000000603400000, 0x0000000603400000| Untracked 
|  14|0x0000000603800000, 0x0000000603c00000, 0x0000000603c00000|100%| O|  |TAMS 0x0000000603800000, 0x0000000603800000| Untracked 
|  15|0x0000000603c00000, 0x0000000604000000, 0x0000000604000000|100%| O|  |TAMS 0x0000000603c00000, 0x0000000603c00000| Untracked 
|  16|0x0000000604000000, 0x0000000604400000, 0x0000000604400000|100%| O|  |TAMS 0x0000000604000000, 0x0000000604000000| Untracked 
|  17|0x0000000604400000, 0x0000000604800000, 0x0000000604800000|100%| O|  |TAMS 0x0000000604400000, 0x0000000604400000| Untracked 
|  18|0x0000000604800000, 0x0000000604c00000, 0x0000000604c00000|100%| O|  |TAMS 0x0000000604800000, 0x0000000604800000| Untracked 
|  19|0x0000000604c00000, 0x0000000605000000, 0x0000000605000000|100%| O|  |TAMS 0x0000000604c00000, 0x0000000604c00000| Untracked 
|  20|0x0000000605000000, 0x0000000605400000, 0x0000000605400000|100%| O|  |TAMS 0x0000000605000000, 0x0000000605000000| Untracked 
|  21|0x0000000605400000, 0x0000000605718400, 0x0000000605800000| 77%| O|  |TAMS 0x0000000605400000, 0x0000000605400000| Untracked 
|  22|0x0000000605800000, 0x0000000605800000, 0x0000000605c00000|  0%| F|  |TAMS 0x0000000605800000, 0x0000000605800000| Untracked 
|  23|0x0000000605c00000, 0x0000000606000000, 0x0000000606000000|100%| O|  |TAMS 0x0000000605c00000, 0x0000000605c00000| Untracked 
|  24|0x0000000606000000, 0x0000000606400000, 0x0000000606400000|100%| O|  |TAMS 0x0000000606000000, 0x0000000606000000| Untracked 
|  25|0x0000000606400000, 0x0000000606800000, 0x0000000606800000|100%| O|  |TAMS 0x0000000606400000, 0x0000000606400000| Untracked 
|  26|0x0000000606800000, 0x0000000606c00000, 0x0000000606c00000|100%| O|  |TAMS 0x0000000606800000, 0x0000000606800000| Untracked 
|  27|0x0000000606c00000, 0x0000000606c00000, 0x0000000607000000|  0%| F|  |TAMS 0x0000000606c00000, 0x0000000606c00000| Untracked 
|  28|0x0000000607000000, 0x0000000607000000, 0x0000000607400000|  0%| F|  |TAMS 0x0000000607000000, 0x0000000607000000| Untracked 
|  29|0x0000000607400000, 0x0000000607400000, 0x0000000607800000|  0%| F|  |TAMS 0x0000000607400000, 0x0000000607400000| Untracked 
|  30|0x0000000607800000, 0x0000000607800000, 0x0000000607c00000|  0%| F|  |TAMS 0x0000000607800000, 0x0000000607800000| Untracked 
|  31|0x0000000607c00000, 0x0000000607c00000, 0x0000000608000000|  0%| F|  |TAMS 0x0000000607c00000, 0x0000000607c00000| Untracked 
|  32|0x0000000608000000, 0x0000000608000000, 0x0000000608400000|  0%| F|  |TAMS 0x0000000608000000, 0x0000000608000000| Untracked 
|  33|0x0000000608400000, 0x0000000608400000, 0x0000000608800000|  0%| F|  |TAMS 0x0000000608400000, 0x0000000608400000| Untracked 
|  34|0x0000000608800000, 0x0000000608800000, 0x0000000608c00000|  0%| F|  |TAMS 0x0000000608800000, 0x0000000608800000| Untracked 
|  35|0x0000000608c00000, 0x0000000608c00000, 0x0000000609000000|  0%| F|  |TAMS 0x0000000608c00000, 0x0000000608c00000| Untracked 
|  36|0x0000000609000000, 0x000000060931dba0, 0x0000000609400000| 77%| S|CS|TAMS 0x0000000609000000, 0x0000000609000000| Complete 
|  37|0x0000000609400000, 0x0000000609800000, 0x0000000609800000|100%| S|CS|TAMS 0x0000000609400000, 0x0000000609400000| Complete 
|  38|0x0000000609800000, 0x0000000609800000, 0x0000000609c00000|  0%| F|  |TAMS 0x0000000609800000, 0x0000000609800000| Untracked 
|  39|0x0000000609c00000, 0x0000000609c00000, 0x000000060a000000|  0%| F|  |TAMS 0x0000000609c00000, 0x0000000609c00000| Untracked 
|  40|0x000000060a000000, 0x000000060a000000, 0x000000060a400000|  0%| F|  |TAMS 0x000000060a000000, 0x000000060a000000| Untracked 
|  41|0x000000060a400000, 0x000000060a400000, 0x000000060a800000|  0%| F|  |TAMS 0x000000060a400000, 0x000000060a400000| Untracked 
|  42|0x000000060a800000, 0x000000060a800000, 0x000000060ac00000|  0%| F|  |TAMS 0x000000060a800000, 0x000000060a800000| Untracked 
|  43|0x000000060ac00000, 0x000000060ac00000, 0x000000060b000000|  0%| F|  |TAMS 0x000000060ac00000, 0x000000060ac00000| Untracked 
|  44|0x000000060b000000, 0x000000060b000000, 0x000000060b400000|  0%| F|  |TAMS 0x000000060b000000, 0x000000060b000000| Untracked 
|  45|0x000000060b400000, 0x000000060b400000, 0x000000060b800000|  0%| F|  |TAMS 0x000000060b400000, 0x000000060b400000| Untracked 
|  46|0x000000060b800000, 0x000000060b800000, 0x000000060bc00000|  0%| F|  |TAMS 0x000000060b800000, 0x000000060b800000| Untracked 
|  47|0x000000060bc00000, 0x000000060bc00000, 0x000000060c000000|  0%| F|  |TAMS 0x000000060bc00000, 0x000000060bc00000| Untracked 
|  48|0x000000060c000000, 0x000000060c000000, 0x000000060c400000|  0%| F|  |TAMS 0x000000060c000000, 0x000000060c000000| Untracked 
|  49|0x000000060c400000, 0x000000060c400000, 0x000000060c800000|  0%| F|  |TAMS 0x000000060c400000, 0x000000060c400000| Untracked 
|  50|0x000000060c800000, 0x000000060c800000, 0x000000060cc00000|  0%| F|  |TAMS 0x000000060c800000, 0x000000060c800000| Untracked 
|  51|0x000000060cc00000, 0x000000060cd64850, 0x000000060d000000| 34%| E|  |TAMS 0x000000060cc00000, 0x000000060cc00000| Complete 
|  52|0x000000060d000000, 0x000000060d400000, 0x000000060d400000|100%| E|CS|TAMS 0x000000060d000000, 0x000000060d000000| Complete 
|  53|0x000000060d400000, 0x000000060d800000, 0x000000060d800000|100%| E|CS|TAMS 0x000000060d400000, 0x000000060d400000| Complete 
|  73|0x0000000612400000, 0x0000000612800000, 0x0000000612800000|100%| E|CS|TAMS 0x0000000612400000, 0x0000000612400000| Complete 
| 124|0x000000061f000000, 0x000000061f400000, 0x000000061f400000|100%| E|  |TAMS 0x000000061f000000, 0x000000061f000000| Complete 
| 127|0x000000061fc00000, 0x0000000620000000, 0x0000000620000000|100%| E|CS|TAMS 0x000000061fc00000, 0x000000061fc00000| Complete 

Card table byte_map: [0x000001e5bb540000,0x000001e5bc540000] _byte_map_base: 0x000001e5b8540000

Marking Bits (Prev, Next): (CMBitMap*) 0x000001e5a3a54820, (CMBitMap*) 0x000001e5a3a547e0
 Prev Bits: [0x000001e5c5540000, 0x000001e5cd540000)
 Next Bits: [0x000001e5bd540000, 0x000001e5c5540000)

Polling page: 0x000001e5a30a0000

Metaspace:

Usage:
  Non-class:     58.13 MB used.
      Class:      7.99 MB used.
       Both:     66.12 MB used.

Virtual space:
  Non-class space:       64.00 MB reserved,      58.56 MB ( 92%) committed,  1 nodes.
      Class space:        1.00 GB reserved,       8.31 MB ( <1%) committed,  1 nodes.
             Both:        1.06 GB reserved,      66.88 MB (  6%) committed. 

Chunk freelists:
   Non-Class:  5.01 MB
       Class:  7.63 MB
        Both:  12.65 MB

MaxMetaspaceSize: unlimited
CompressedClassSpaceSize: 1.00 GB
Initial GC threshold: 21.00 MB
Current GC threshold: 84.38 MB
CDS: on
MetaspaceReclaimPolicy: balanced
 - commit_granule_bytes: 65536.
 - commit_granule_words: 8192.
 - virtual_space_node_default_size: 8388608.
 - enlarge_chunks_in_place: 1.
 - new_chunks_are_fully_committed: 0.
 - uncommit_free_chunks: 1.
 - use_allocation_guard: 0.
 - handle_deallocations: 1.


Internal statistics:

num_allocs_failed_limit: 6.
num_arena_births: 970.
num_arena_deaths: 22.
num_vsnodes_births: 2.
num_vsnodes_deaths: 0.
num_space_committed: 1069.
num_space_uncommitted: 0.
num_chunks_returned_to_freelist: 39.
num_chunks_taken_from_freelist: 3207.
num_chunk_merges: 3.
num_chunk_splits: 2132.
num_chunks_enlarged: 1459.
num_inconsistent_stats: 0.

CodeHeap 'non-profiled nmethods': size=120000Kb used=4820Kb max_used=5414Kb free=115180Kb
 bounds [0x000001e5b3010000, 0x000001e5b3560000, 0x000001e5ba540000]
CodeHeap 'profiled nmethods': size=120000Kb used=15536Kb max_used=16403Kb free=104464Kb
 bounds [0x000001e5ab540000, 0x000001e5ac560000, 0x000001e5b2a70000]
CodeHeap 'non-nmethods': size=5760Kb used=2422Kb max_used=2485Kb free=3337Kb
 bounds [0x000001e5b2a70000, 0x000001e5b2cf0000, 0x000001e5b3010000]
 total_blobs=8314 nmethods=7367 adapters=859
 compilation: enabled
              stopped_count=0, restarted_count=0
 full_count=0

Compilation events (20 events):
Event: 178.315 Thread 0x000001e5cd778d70 nmethod 8927 0x000001e5b3329e90 code [0x000001e5b332a080, 0x000001e5b332a568]
Event: 178.665 Thread 0x000001e5cd778d70 8928       4       java.time.Instant::until (183 bytes)
Event: 178.667 Thread 0x000001e5cd778d70 nmethod 8928 0x000001e5b31ca510 code [0x000001e5b31ca6c0, 0x000001e5b31ca998]
Event: 178.672 Thread 0x000001e5cd77a630 8929       3       org.openqa.selenium.remote.WebElementToJsonConverter::<init> (5 bytes)
Event: 178.672 Thread 0x000001e5cd77a630 nmethod 8929 0x000001e5abf7a210 code [0x000001e5abf7a3c0, 0x000001e5abf7a518]
Event: 178.673 Thread 0x000001e5cd778d70 8930       4       sun.util.logging.internal.LoggingProviderImpl$JULWrapper::isLoggable (12 bytes)
Event: 178.674 Thread 0x000001e5cd778d70 nmethod 8930 0x000001e5b3329a90 code [0x000001e5b3329c20, 0x000001e5b3329d38]
Event: 178.696 Thread 0x000001e5cd778d70 8931       4       jdk.internal.net.http.common.DebugLogger::levelEnabledFor (49 bytes)
Event: 178.698 Thread 0x000001e5cd778d70 nmethod 8931 0x000001e5b3251f90 code [0x000001e5b3252120, 0x000001e5b32522f8]
Event: 178.700 Thread 0x000001e5cd778d70 8932       4       java.util.stream.FindOps$FindSink::accept (18 bytes)
Event: 178.701 Thread 0x000001e5cd778d70 nmethod 8932 0x000001e5b31ca110 code [0x000001e5b31ca2a0, 0x000001e5b31ca438]
Event: 178.704 Thread 0x000001e5cd778d70 8933       4       jdk.internal.net.http.common.DebugLogger::createHttpLogger (32 bytes)
Event: 178.705 Thread 0x000001e5cd778d70 nmethod 8933 0x000001e5b31c9c10 code [0x000001e5b31c9da0, 0x000001e5b31c9ef8]
Event: 178.752 Thread 0x000001e5cd778d70 8934   !   4       jdk.internal.net.http.common.SequentialScheduler$LockingRestartableTask::run (72 bytes)
Event: 178.757 Thread 0x000001e5cd778d70 nmethod 8934 0x000001e5b33b7690 code [0x000001e5b33b7880, 0x000001e5b33b7d70]
Event: 178.757 Thread 0x000001e5cd778d70 8935       4       java.nio.MappedByteBuffer::limit (6 bytes)
Event: 178.758 Thread 0x000001e5cd778d70 nmethod 8935 0x000001e5b31c9810 code [0x000001e5b31c99a0, 0x000001e5b31c9ab8]
Event: 179.112 Thread 0x000001e5cd778d70 8936       4       java.util.HashMap::getOrDefault (19 bytes)
Event: 179.115 Thread 0x000001e5cd778d70 nmethod 8936 0x000001e5b33b6f10 code [0x000001e5b33b70c0, 0x000001e5b33b7428]
Event: 179.618 Thread 0x000001e5cd778d70 8937       4       java.util.function.BiPredicate$$Lambda$780/0x000001e5d141da00::test (16 bytes)

GC Heap History (20 events):
Event: 50.699 GC heap before
{Heap before GC invocations=13 (full 0):
 garbage-first heap   total 98304K, used 64318K [0x0000000600000000, 0x0000000800000000)
  region size 4096K, 11 young (45056K), 2 survivors (8192K)
 Metaspace       used 50899K, committed 51328K, reserved 1114112K
  class space    used 5880K, committed 6080K, reserved 1048576K
}
Event: 50.705 GC heap after
{Heap after GC invocations=14 (full 0):
 garbage-first heap   total 98304K, used 34091K [0x0000000600000000, 0x0000000800000000)
  region size 4096K, 2 young (8192K), 2 survivors (8192K)
 Metaspace       used 50899K, committed 51328K, reserved 1114112K
  class space    used 5880K, committed 6080K, reserved 1048576K
}
Event: 51.322 GC heap before
{Heap before GC invocations=14 (full 0):
 garbage-first heap   total 98304K, used 70955K [0x0000000600000000, 0x0000000800000000)
  region size 4096K, 11 young (45056K), 2 survivors (8192K)
 Metaspace       used 51434K, committed 51840K, reserved 1114112K
  class space    used 5949K, committed 6144K, reserved 1048576K
}
Event: 51.332 GC heap after
{Heap after GC invocations=15 (full 0):
 garbage-first heap   total 98304K, used 37986K [0x0000000600000000, 0x0000000800000000)
  region size 4096K, 2 young (8192K), 2 survivors (8192K)
 Metaspace       used 51434K, committed 51840K, reserved 1114112K
  class space    used 5949K, committed 6144K, reserved 1048576K
}
Event: 51.517 GC heap before
{Heap before GC invocations=15 (full 0):
 garbage-first heap   total 98304K, used 70754K [0x0000000600000000, 0x0000000800000000)
  region size 4096K, 10 young (40960K), 2 survivors (8192K)
 Metaspace       used 51436K, committed 51840K, reserved 1114112K
  class space    used 5949K, committed 6144K, reserved 1048576K
}
Event: 51.529 GC heap after
{Heap after GC invocations=16 (full 0):
 garbage-first heap   total 98304K, used 46325K [0x0000000600000000, 0x0000000800000000)
  region size 4096K, 2 young (8192K), 2 survivors (8192K)
 Metaspace       used 51436K, committed 51840K, reserved 1114112K
  class space    used 5949K, committed 6144K, reserved 1048576K
}
Event: 51.717 GC heap before
{Heap before GC invocations=16 (full 0):
 garbage-first heap   total 98304K, used 66805K [0x0000000600000000, 0x0000000800000000)
  region size 4096K, 7 young (28672K), 2 survivors (8192K)
 Metaspace       used 51436K, committed 51840K, reserved 1114112K
  class space    used 5949K, committed 6144K, reserved 1048576K
}
Event: 51.725 GC heap after
{Heap after GC invocations=17 (full 0):
 garbage-first heap   total 98304K, used 52672K [0x0000000600000000, 0x0000000800000000)
  region size 4096K, 1 young (4096K), 1 survivors (4096K)
 Metaspace       used 51436K, committed 51840K, reserved 1114112K
  class space    used 5949K, committed 6144K, reserved 1048576K
}
Event: 51.752 GC heap before
{Heap before GC invocations=17 (full 0):
 garbage-first heap   total 98304K, used 69056K [0x0000000600000000, 0x0000000800000000)
  region size 4096K, 5 young (20480K), 1 survivors (4096K)
 Metaspace       used 51437K, committed 51840K, reserved 1114112K
  class space    used 5950K, committed 6144K, reserved 1048576K
}
Event: 51.761 GC heap after
{Heap after GC invocations=18 (full 0):
 garbage-first heap   total 311296K, used 57188K [0x0000000600000000, 0x0000000800000000)
  region size 4096K, 1 young (4096K), 1 survivors (4096K)
 Metaspace       used 51437K, committed 51840K, reserved 1114112K
  class space    used 5950K, committed 6144K, reserved 1048576K
}
Event: 54.088 GC heap before
{Heap before GC invocations=19 (full 0):
 garbage-first heap   total 233472K, used 196452K [0x0000000600000000, 0x0000000800000000)
  region size 4096K, 35 young (143360K), 1 survivors (4096K)
 Metaspace       used 52160K, committed 52672K, reserved 1114112K
  class space    used 6046K, committed 6272K, reserved 1048576K
}
Event: 54.148 GC heap after
{Heap after GC invocations=20 (full 0):
 garbage-first heap   total 233472K, used 88991K [0x0000000600000000, 0x0000000800000000)
  region size 4096K, 5 young (20480K), 5 survivors (20480K)
 Metaspace       used 52160K, committed 52672K, reserved 1114112K
  class space    used 6046K, committed 6272K, reserved 1048576K
}
Event: 58.207 GC heap before
{Heap before GC invocations=20 (full 0):
 garbage-first heap   total 233472K, used 154527K [0x0000000600000000, 0x0000000800000000)
  region size 4096K, 21 young (86016K), 5 survivors (20480K)
 Metaspace       used 57268K, committed 57856K, reserved 1114112K
  class space    used 6778K, committed 7040K, reserved 1048576K
}
Event: 58.237 GC heap after
{Heap after GC invocations=21 (full 0):
 garbage-first heap   total 233472K, used 100443K [0x0000000600000000, 0x0000000800000000)
  region size 4096K, 3 young (12288K), 3 survivors (12288K)
 Metaspace       used 57268K, committed 57856K, reserved 1114112K
  class space    used 6778K, committed 7040K, reserved 1048576K
}
Event: 61.522 GC heap before
{Heap before GC invocations=21 (full 0):
 garbage-first heap   total 233472K, used 161883K [0x0000000600000000, 0x0000000800000000)
  region size 4096K, 19 young (77824K), 3 survivors (12288K)
 Metaspace       used 61526K, committed 62272K, reserved 1114112K
  class space    used 7393K, committed 7744K, reserved 1048576K
}
Event: 61.533 GC heap after
{Heap after GC invocations=22 (full 0):
 garbage-first heap   total 233472K, used 106432K [0x0000000600000000, 0x0000000800000000)
  region size 4096K, 2 young (8192K), 2 survivors (8192K)
 Metaspace       used 61526K, committed 62272K, reserved 1114112K
  class space    used 7393K, committed 7744K, reserved 1048576K
}
Event: 124.341 GC heap before
{Heap before GC invocations=22 (full 0):
 garbage-first heap   total 233472K, used 167872K [0x0000000600000000, 0x0000000800000000)
  region size 4096K, 18 young (73728K), 2 survivors (8192K)
 Metaspace       used 67070K, committed 67904K, reserved 1114112K
  class space    used 8162K, committed 8512K, reserved 1048576K
}
Event: 124.355 GC heap after
{Heap after GC invocations=23 (full 0):
 garbage-first heap   total 233472K, used 110423K [0x0000000600000000, 0x0000000800000000)
  region size 4096K, 3 young (12288K), 3 survivors (12288K)
 Metaspace       used 67070K, committed 67904K, reserved 1114112K
  class space    used 8162K, committed 8512K, reserved 1048576K
}
Event: 169.454 GC heap before
{Heap before GC invocations=23 (full 0):
 garbage-first heap   total 233472K, used 171863K [0x0000000600000000, 0x0000000800000000)
  region size 4096K, 19 young (77824K), 3 survivors (12288K)
 Metaspace       used 67676K, committed 68480K, reserved 1114112K
  class space    used 8182K, committed 8512K, reserved 1048576K
}
Event: 169.463 GC heap after
{Heap after GC invocations=24 (full 0):
 garbage-first heap   total 233472K, used 112699K [0x0000000600000000, 0x0000000800000000)
  region size 4096K, 2 young (8192K), 2 survivors (8192K)
 Metaspace       used 67676K, committed 68480K, reserved 1114112K
  class space    used 8182K, committed 8512K, reserved 1048576K
}

Dll operation events (13 events):
Event: 0.049 Loaded shared library C:\Users\PalRag\.jdks\ms-17.0.16\bin\java.dll
Event: 0.059 Loaded shared library C:\Users\PalRag\.jdks\ms-17.0.16\bin\zip.dll
Event: 0.119 Loaded shared library C:\Users\PalRag\.jdks\ms-17.0.16\bin\jsvml.dll
Event: 0.723 Loaded shared library C:\Users\PalRag\.jdks\ms-17.0.16\bin\instrument.dll
Event: 0.837 Loaded shared library C:\Users\PalRag\.jdks\ms-17.0.16\bin\net.dll
Event: 0.844 Loaded shared library C:\Users\PalRag\.jdks\ms-17.0.16\bin\nio.dll
Event: 0.878 Loaded shared library C:\Users\PalRag\.jdks\ms-17.0.16\bin\zip.dll
Event: 0.961 Loaded shared library C:\Users\PalRag\.jdks\ms-17.0.16\bin\extnet.dll
Event: 1.168 Loaded shared library C:\Users\PalRag\.jdks\ms-17.0.16\bin\verify.dll
Event: 1.193 Loaded shared library C:\Users\PalRag\.jdks\ms-17.0.16\bin\jimage.dll
Event: 4.832 Loaded shared library C:\Users\PalRag\.jdks\ms-17.0.16\bin\sunmscapi.dll
Event: 14.739 Loaded shared library C:\Users\PalRag\.jdks\ms-17.0.16\bin\management.dll
Event: 14.782 Loaded shared library C:\Users\PalRag\.jdks\ms-17.0.16\bin\management_ext.dll

Deoptimization events (20 events):
Event: 160.122 Thread 0x000001e6194df320 Uncommon trap: trap_request=0xffffffc6 fr.pc=0x000001e5b343db3c relative=0x00000000000002fc
Event: 160.122 Thread 0x000001e6194df320 Uncommon trap: reason=bimorphic_or_optimized_type_check action=maybe_recompile pc=0x000001e5b343db3c method=java.util.stream.StreamOpFlag.fromCharacteristics(Ljava/util/Spliterator;)I @ 14 c2
Event: 160.122 Thread 0x000001e6194df320 DEOPT PACKING pc=0x000001e5b343db3c sp=0x000000cc783fd270
Event: 160.122 Thread 0x000001e6194df320 DEOPT UNPACKING pc=0x000001e5b2aca1a3 sp=0x000000cc783fd1b0 mode 2
Event: 160.263 Thread 0x000001e6194df320 Uncommon trap: trap_request=0xffffffc6 fr.pc=0x000001e5b34012b4 relative=0x0000000000000094
Event: 160.263 Thread 0x000001e6194df320 Uncommon trap: reason=bimorphic_or_optimized_type_check action=maybe_recompile pc=0x000001e5b34012b4 method=java.util.stream.StreamOpFlag.fromCharacteristics(Ljava/util/Spliterator;)I @ 14 c2
Event: 160.263 Thread 0x000001e6194df320 DEOPT PACKING pc=0x000001e5b34012b4 sp=0x000000cc783fd200
Event: 160.263 Thread 0x000001e6194df320 DEOPT UNPACKING pc=0x000001e5b2aca1a3 sp=0x000000cc783fd198 mode 2
Event: 165.221 Thread 0x000001e6194e4420 Uncommon trap: trap_request=0xffffff45 fr.pc=0x000001e5b34285d0 relative=0x0000000000000490
Event: 165.226 Thread 0x000001e6194e4420 Uncommon trap: reason=unstable_if action=reinterpret pc=0x000001e5b34285d0 method=java.util.HashMap$KeySpliterator.tryAdvance(Ljava/util/function/Consumer;)Z @ 21 c2
Event: 165.226 Thread 0x000001e6194e4420 DEOPT PACKING pc=0x000001e5b34285d0 sp=0x000000cc781fdc00
Event: 165.226 Thread 0x000001e6194e4420 DEOPT UNPACKING pc=0x000001e5b2aca1a3 sp=0x000000cc781fdbb8 mode 2
Event: 165.232 Thread 0x000001e6194e4420 Uncommon trap: trap_request=0xffffff45 fr.pc=0x000001e5b32353dc relative=0x000000000000059c
Event: 165.232 Thread 0x000001e6194e4420 Uncommon trap: reason=unstable_if action=reinterpret pc=0x000001e5b32353dc method=java.util.HashMap$HashIterator.<init>(Ljava/util/HashMap;)V @ 45 c2
Event: 165.232 Thread 0x000001e6194e4420 DEOPT PACKING pc=0x000001e5b32353dc sp=0x000000cc781fde50
Event: 165.232 Thread 0x000001e6194e4420 DEOPT UNPACKING pc=0x000001e5b2aca1a3 sp=0x000000cc781fdce0 mode 2
Event: 179.437 Thread 0x000001e6155e5500 Uncommon trap: trap_request=0xffffff45 fr.pc=0x000001e5b33e2e70 relative=0x0000000000000d90
Event: 179.437 Thread 0x000001e6155e5500 Uncommon trap: reason=unstable_if action=reinterpret pc=0x000001e5b33e2e70 method=jdk.internal.net.http.common.SequentialScheduler$TryEndDeferredCompleter.complete()V @ 72 c2
Event: 179.437 Thread 0x000001e6155e5500 DEOPT PACKING pc=0x000001e5b33e2e70 sp=0x000000cc7a2fd5c0
Event: 179.437 Thread 0x000001e6155e5500 DEOPT UNPACKING pc=0x000001e5b2aca1a3 sp=0x000000cc7a2fd590 mode 2

Classes loaded (20 events):
Event: 165.219 Loading class org/openqa/selenium/interactions/InputSource
Event: 165.219 Loading class org/openqa/selenium/interactions/InputSource done
Event: 165.220 Loading class org/openqa/selenium/interactions/PointerInput$Kind
Event: 165.220 Loading class org/openqa/selenium/interactions/PointerInput$Kind done
Event: 165.221 Loading class org/openqa/selenium/interactions/InputSource
Event: 165.221 Loading class org/openqa/selenium/interactions/InputSource done
Event: 165.221 Loading class org/openqa/selenium/interactions/InputSource
Event: 165.221 Loading class org/openqa/selenium/interactions/InputSource done
Event: 165.227 Loading class org/openqa/selenium/interactions/PointerInput
Event: 165.227 Loading class org/openqa/selenium/interactions/PointerInput done
Event: 165.228 Loading class org/openqa/selenium/interactions/PointerInput$Move
Event: 165.228 Loading class org/openqa/selenium/interactions/PointerInput$Move done
Event: 165.229 Loading class org/openqa/selenium/interactions/PointerInput$PointerPress
Event: 165.229 Loading class org/openqa/selenium/interactions/PointerInput$PointerPress done
Event: 165.230 Loading class org/openqa/selenium/interactions/Sequence
Event: 165.230 Loading class org/openqa/selenium/interactions/Sequence done
Event: 165.231 Loading class org/openqa/selenium/interactions/SourceType
Event: 165.231 Loading class org/openqa/selenium/interactions/SourceType done
Event: 165.232 Loading class org/openqa/selenium/interactions/Actions$BuiltAction
Event: 165.232 Loading class org/openqa/selenium/interactions/Actions$BuiltAction done

Classes unloaded (11 events):
Event: 4.787 Thread 0x000001e5cd752120 Unloading class 0x000001e5d1002000 'java/lang/invoke/LambdaForm$DMH+0x000001e5d1002000'
Event: 51.858 Thread 0x000001e5cd752120 Unloading class 0x000001e5d145b400 'java/lang/invoke/LambdaForm$DMH+0x000001e5d145b400'
Event: 51.858 Thread 0x000001e5cd752120 Unloading class 0x000001e5d145ac00 'java/lang/invoke/LambdaForm$DMH+0x000001e5d145ac00'
Event: 51.858 Thread 0x000001e5cd752120 Unloading class 0x000001e5d145a400 'java/lang/invoke/LambdaForm$MH+0x000001e5d145a400'
Event: 51.858 Thread 0x000001e5cd752120 Unloading class 0x000001e5d1459400 'java/lang/invoke/LambdaForm$MH+0x000001e5d1459400'
Event: 51.858 Thread 0x000001e5cd752120 Unloading class 0x000001e5d1458400 'java/lang/invoke/LambdaForm$MH+0x000001e5d1458400'
Event: 51.858 Thread 0x000001e5cd752120 Unloading class 0x000001e5d1458000 'java/lang/invoke/LambdaForm$MH+0x000001e5d1458000'
Event: 51.858 Thread 0x000001e5cd752120 Unloading class 0x000001e5d1453400 'java/lang/invoke/LambdaForm$MH+0x000001e5d1453400'
Event: 51.858 Thread 0x000001e5cd752120 Unloading class 0x000001e5d1452c00 'java/lang/invoke/LambdaForm$MH+0x000001e5d1452c00'
Event: 51.858 Thread 0x000001e5cd752120 Unloading class 0x000001e5d1452400 'java/lang/invoke/LambdaForm$MH+0x000001e5d1452400'
Event: 51.858 Thread 0x000001e5cd752120 Unloading class 0x000001e5d1452000 'java/lang/invoke/LambdaForm$MH+0x000001e5d1452000'

Classes redefined (1 events):
Event: 0.761 Thread 0x000001e5cd752120 redefined class name=java.lang.Throwable, count=1

Internal exceptions (20 events):
Event: 62.813 Thread 0x000001e6194e1690 Exception <a 'java/lang/ClassNotFoundException'{0x000000060b8a6d10}: io/restassured/filter/OrderedFilterBeanInfo> (0x000000060b8a6d10) 
thrown [s\src\hotspot\share\classfile\systemDictionary.cpp, line 256]
Event: 62.815 Thread 0x000001e6194e1690 Exception <a 'java/lang/ClassNotFoundException'{0x000000060b8b4010}: io/restassured/filter/OrderedFilterCustomizer> (0x000000060b8b4010) 
thrown [s\src\hotspot\share\classfile\systemDictionary.cpp, line 256]
Event: 62.838 Thread 0x000001e6194e1690 Exception <a 'java/lang/ClassCastException'{0x000000060b8ce7b0}: class com.rentacenter.racpad.commons.logs.LoggingFilter cannot be cast to class groovy.lang.GroovyObject (com.rentacenter.racpad.commons.logs.LoggingFilter and groovy.lang.GroovyObject are in unnamed module of loader 'app')> (0x000000060b8ce7b0) 
thrown [s\src\hotspot\share\interpreter\interpreterRuntime.cpp, line 444]
Event: 62.846 Thread 0x000001e6194e1690 Exception <a 'java/lang/ClassCastException'{0x000000060b8f91c8}: class io.restassured.filter.time.TimingFilter cannot be cast to class groovy.lang.GroovyObject (io.restassured.filter.time.TimingFilter and groovy.lang.GroovyObject are in unnamed module of loader 'app')> (0x000000060b8f91c8) 
thrown [s\src\hotspot\share\interpreter\interpreterRuntime.cpp, line 444]
Event: 62.930 Thread 0x000001e6194df320 Exception <a 'sun/nio/fs/WindowsException'{0x000000060c0469d8}> (0x000000060c0469d8) 
thrown [s\src\hotspot\share\prims\jni.cpp, line 516]
Event: 62.933 Thread 0x000001e6194df320 Exception <a 'sun/nio/fs/WindowsException'{0x000000060b9c9f38}> (0x000000060b9c9f38) 
thrown [s\src\hotspot\share\prims\jni.cpp, line 516]
Event: 75.087 Thread 0x000001e6194e1690 Exception <a 'java/lang/ClassNotFoundException'{0x000000060b5cc248}: io/restassured/internal/mapping/ObjectMapperDeserializationContextImplBeanInfo> (0x000000060b5cc248) 
thrown [s\src\hotspot\share\classfile\systemDictionary.cpp, line 256]
Event: 75.088 Thread 0x000001e6194e1690 Exception <a 'java/lang/ClassNotFoundException'{0x000000060b5d9900}: io/restassured/internal/common/ObjectDeserializationContextImplBeanInfo> (0x000000060b5d9900) 
thrown [s\src\hotspot\share\classfile\systemDictionary.cpp, line 256]
Event: 75.089 Thread 0x000001e6194e1690 Exception <a 'java/lang/ClassNotFoundException'{0x000000060b5e7030}: io/restassured/internal/common/ObjectDeserializationContextImplCustomizer> (0x000000060b5e7030) 
thrown [s\src\hotspot\share\classfile\systemDictionary.cpp, line 256]
Event: 75.091 Thread 0x000001e6194e1690 Exception <a 'java/lang/ClassNotFoundException'{0x000000060b5fb0d0}: io/restassured/internal/mapping/ObjectMapperDeserializationContextImplCustomizer> (0x000000060b5fb0d0) 
thrown [s\src\hotspot\share\classfile\systemDictionary.cpp, line 256]
Event: 75.095 Thread 0x000001e6194e1690 Exception <a 'java/lang/ClassNotFoundException'{0x000000060b634028}: io/restassured/internal/mapping/ObjectMapping$1BeanInfo> (0x000000060b634028) 
thrown [s\src\hotspot\share\classfile\systemDictionary.cpp, line 256]
Event: 75.096 Thread 0x000001e6194e1690 Exception <a 'java/lang/ClassNotFoundException'{0x000000060b640610}: io/restassured/internal/mapping/ObjectMapping$1Customizer> (0x000000060b640610) 
thrown [s\src\hotspot\share\classfile\systemDictionary.cpp, line 256]
Event: 75.140 Thread 0x000001e6194e1690 Exception <a 'java/lang/ClassNotFoundException'{0x000000060b709b30}: com/rentacenter/racpad/dtos/purchaseorder/receive/PurchaseOrderReceiveRequestBeanInfo> (0x000000060b709b30) 
thrown [s\src\hotspot\share\classfile\systemDictionary.cpp, line 256]
Event: 75.143 Thread 0x000001e6194e1690 Exception <a 'java/lang/ClassNotFoundException'{0x000000060b7183c0}: com/rentacenter/racpad/dtos/purchaseorder/receive/PurchaseOrderReceiveRequestCustomizer> (0x000000060b7183c0) 
thrown [s\src\hotspot\share\classfile\systemDictionary.cpp, line 256]
Event: 75.156 Thread 0x000001e6194e1690 Exception <a 'java/lang/ClassCastException'{0x000000060b751ad8}: class com.rentacenter.racpad.commons.logs.LoggingFilter cannot be cast to class groovy.lang.GroovyObject (com.rentacenter.racpad.commons.logs.LoggingFilter and groovy.lang.GroovyObject are in unnamed module of loader 'app')> (0x000000060b751ad8) 
thrown [s\src\hotspot\share\interpreter\interpreterRuntime.cpp, line 444]
Event: 75.166 Thread 0x000001e6194e1690 Exception <a 'java/lang/ClassCastException'{0x000000060b768bf8}: class com.rentacenter.racpad.commons.logs.LoggingFilter cannot be cast to class groovy.lang.GroovyObject (com.rentacenter.racpad.commons.logs.LoggingFilter and groovy.lang.GroovyObject are in unnamed module of loader 'app')> (0x000000060b768bf8) 
thrown [s\src\hotspot\share\interpreter\interpreterRuntime.cpp, line 444]
Event: 75.171 Thread 0x000001e6194e1690 Exception <a 'java/lang/ClassCastException'{0x000000060b77cf88}: class io.restassured.filter.time.TimingFilter cannot be cast to class groovy.lang.GroovyObject (io.restassured.filter.time.TimingFilter and groovy.lang.GroovyObject are in unnamed module of loader 'app')> (0x000000060b77cf88) 
thrown [s\src\hotspot\share\interpreter\interpreterRuntime.cpp, line 444]
Event: 121.564 Thread 0x000001e6194e4420 Implicit null exception at 0x000001e5b34264e0 to 0x000001e5b34267d4
Event: 121.622 Thread 0x000001e6194e4420 Implicit null exception at 0x000001e5b331b857 to 0x000001e5b331baf8
Event: 165.221 Thread 0x000001e6194e4420 Implicit null exception at 0x000001e5b342818d to 0x000001e5b34285ac

VM Operations (20 events):
Event: 169.447 Executing VM operation: G1CollectForAllocation
Event: 169.463 Executing VM operation: G1CollectForAllocation done
Event: 170.477 Executing VM operation: Cleanup
Event: 170.477 Executing VM operation: Cleanup done
Event: 171.480 Executing VM operation: Cleanup
Event: 171.480 Executing VM operation: Cleanup done
Event: 172.483 Executing VM operation: Cleanup
Event: 172.483 Executing VM operation: Cleanup done
Event: 173.489 Executing VM operation: Cleanup
Event: 173.489 Executing VM operation: Cleanup done
Event: 174.500 Executing VM operation: Cleanup
Event: 174.500 Executing VM operation: Cleanup done
Event: 175.502 Executing VM operation: Cleanup
Event: 175.502 Executing VM operation: Cleanup done
Event: 177.524 Executing VM operation: Cleanup
Event: 177.525 Executing VM operation: Cleanup done
Event: 178.528 Executing VM operation: Cleanup
Event: 178.528 Executing VM operation: Cleanup done
Event: 179.540 Executing VM operation: Cleanup
Event: 179.540 Executing VM operation: Cleanup done

Memory protections (0 events):
No events

Nmethod flushes (20 events):
Event: 134.159 Thread 0x000001e5cd797ea0 flushing  nmethod 0x000001e5ac1eaf90
Event: 134.160 Thread 0x000001e5cd797ea0 flushing  nmethod 0x000001e5ac1eb590
Event: 134.160 Thread 0x000001e5cd797ea0 flushing  nmethod 0x000001e5ac1f0310
Event: 134.160 Thread 0x000001e5cd797ea0 flushing  nmethod 0x000001e5ac1f5f90
Event: 134.160 Thread 0x000001e5cd797ea0 flushing  nmethod 0x000001e5ac1f6790
Event: 134.160 Thread 0x000001e5cd797ea0 flushing  nmethod 0x000001e5ac1f6f10
Event: 134.160 Thread 0x000001e5cd797ea0 flushing  nmethod 0x000001e5ac1f8010
Event: 134.160 Thread 0x000001e5cd797ea0 flushing  nmethod 0x000001e5ac1ffe90
Event: 134.160 Thread 0x000001e5cd797ea0 flushing  nmethod 0x000001e5ac204c10
Event: 134.160 Thread 0x000001e5cd797ea0 flushing  nmethod 0x000001e5ac204f90
Event: 134.160 Thread 0x000001e5cd797ea0 flushing  nmethod 0x000001e5ac205790
Event: 134.160 Thread 0x000001e5cd797ea0 flushing  nmethod 0x000001e5ac206010
Event: 134.160 Thread 0x000001e5cd797ea0 flushing  nmethod 0x000001e5ac206d90
Event: 134.160 Thread 0x000001e5cd797ea0 flushing  nmethod 0x000001e5ac215210
Event: 134.160 Thread 0x000001e5cd797ea0 flushing  nmethod 0x000001e5ac21c210
Event: 134.160 Thread 0x000001e5cd797ea0 flushing  nmethod 0x000001e5ac21da10
Event: 134.160 Thread 0x000001e5cd797ea0 flushing  nmethod 0x000001e5ac21ed10
Event: 134.160 Thread 0x000001e5cd797ea0 flushing  nmethod 0x000001e5ac2afd10
Event: 134.160 Thread 0x000001e5cd797ea0 flushing  nmethod 0x000001e5ac2ec610
Event: 134.161 Thread 0x000001e5cd797ea0 flushing  nmethod 0x000001e5ac3c5210

Events (20 events):
Event: 101.509 Thread 0x000001e616ec1250 Thread exited: 0x000001e616ec1250
Event: 103.997 Thread 0x000001e6195f8800 Thread added: 0x000001e619b9ffe0
Event: 109.319 Thread 0x000001e616ec2ba0 Thread exited: 0x000001e616ec2ba0
Event: 109.319 Thread 0x000001e616ec30b0 Thread exited: 0x000001e616ec30b0
Event: 109.347 Thread 0x000001e616ec2690 Thread exited: 0x000001e616ec2690
Event: 109.456 Thread 0x000001e61955fb00 Thread exited: 0x000001e61955fb00
Event: 109.462 Thread 0x000001e6195646f0 Thread exited: 0x000001e6195646f0
Event: 109.462 Thread 0x000001e61955dca0 Thread exited: 0x000001e61955dca0
Event: 116.781 Thread 0x000001e615010b00 Thread exited: 0x000001e615010b00
Event: 116.797 Thread 0x000001e6195f4120 Thread exited: 0x000001e6195f4120
Event: 118.448 Thread 0x000001e615011a30 Thread exited: 0x000001e615011a30
Event: 119.446 Thread 0x000001e618074a80 Thread exited: 0x000001e618074a80
Event: 121.722 Thread 0x000001e6155e1d50 Thread added: 0x000001e619b9eba0
Event: 125.580 Thread 0x000001e615011520 Thread added: 0x000001e619ba0a00
Event: 125.606 Thread 0x000001e6155defc0 Thread added: 0x000001e619b99aa0
Event: 128.739 Thread 0x000001e615011f40 Thread added: 0x000001e619ba3280
Event: 130.867 Thread 0x000001e6150100e0 Thread added: 0x000001e619ba2860
Event: 164.215 Thread 0x000001e6195f73c0 Thread exited: 0x000001e6195f73c0
Event: 169.605 Thread 0x000001e6195f8800 Thread added: 0x000001e619ba7e70
Event: 179.467 Thread 0x000001e618078230 Thread exited: 0x000001e618078230


Dynamic libraries:
0x00007ff680bb0000 - 0x00007ff680bbe000 	C:\Users\PalRag\.jdks\ms-17.0.16\bin\java.exe
0x00007ffca69d0000 - 0x00007ffca6bc8000 	C:\Windows\SYSTEM32\ntdll.dll
0x00007ffca5da0000 - 0x00007ffca5e62000 	C:\Windows\System32\KERNEL32.DLL
0x00007ffca46f0000 - 0x00007ffca49e7000 	C:\Windows\System32\KERNELBASE.dll
0x00007ffc9e910000 - 0x00007ffc9e9a4000 	C:\Windows\SYSTEM32\apphelp.dll
0x00007ffc56a90000 - 0x00007ffc5719e000 	C:\Program Files\Rapid7\Insight Agent\components\armor\common\Armor\mvarmor64.dll
0x00007ffca4f10000 - 0x00007ffca4fc1000 	C:\Windows\System32\ADVAPI32.dll
0x00007ffca6540000 - 0x00007ffca65de000 	C:\Windows\System32\msvcrt.dll
0x00007ffca5740000 - 0x00007ffca57df000 	C:\Windows\System32\sechost.dll
0x00007ffca6340000 - 0x00007ffca6466000 	C:\Windows\System32\RPCRT4.dll
0x00007ffca4060000 - 0x00007ffca4087000 	C:\Windows\System32\bcrypt.dll
0x00007ffca4cb0000 - 0x00007ffca4ddb000 	C:\Windows\System32\ole32.dll
0x00007ffca4090000 - 0x00007ffca4190000 	C:\Windows\System32\ucrtbase.dll
0x00007ffca5900000 - 0x00007ffca5c53000 	C:\Windows\System32\combase.dll
0x00007ffca49f0000 - 0x00007ffca4a1b000 	C:\Windows\System32\GDI32.dll
0x00007ffca43d0000 - 0x00007ffca43f2000 	C:\Windows\System32\win32u.dll
0x00007ffca44b0000 - 0x00007ffca45c9000 	C:\Windows\System32\gdi32full.dll
0x00007ffca4650000 - 0x00007ffca46ed000 	C:\Windows\System32\msvcp_win.dll
0x00007ffca67f0000 - 0x00007ffca698d000 	C:\Windows\System32\USER32.dll
0x00007ffca6470000 - 0x00007ffca653d000 	C:\Windows\System32\OLEAUT32.dll
0x00007ffca45d0000 - 0x00007ffca4643000 	C:\Windows\System32\WINTRUST.dll
0x00007ffca4a30000 - 0x00007ffca4a8b000 	C:\Windows\System32\SHLWAPI.dll
0x00007ffca4fd0000 - 0x00007ffca573e000 	C:\Windows\System32\SHELL32.dll
0x00007ffca4270000 - 0x00007ffca43cd000 	C:\Windows\System32\CRYPT32.dll
0x00007ffca57e0000 - 0x00007ffca584b000 	C:\Windows\System32\WS2_32.dll
0x00007ffca3f50000 - 0x00007ffca3f7e000 	C:\Windows\SYSTEM32\USERENV.dll
0x00007ffca2c70000 - 0x00007ffca2c7a000 	C:\Windows\SYSTEM32\VERSION.dll
0x00007ffc9a130000 - 0x00007ffc9a148000 	C:\Users\PalRag\.jdks\ms-17.0.16\bin\jli.dll
0x00007ffc99a30000 - 0x00007ffc99a4e000 	C:\Users\PalRag\.jdks\ms-17.0.16\bin\VCRUNTIME140.dll
0x00007ffc98930000 - 0x00007ffc98bca000 	C:\Windows\WinSxS\amd64_microsoft.windows.common-controls_6595b64144ccf1df_6.0.19041.5915_none_60b4b9d171f9c7c7\COMCTL32.dll
0x00007ffca5d70000 - 0x00007ffca5d9f000 	C:\Windows\System32\IMM32.DLL
0x00007ffca3b10000 - 0x00007ffca3b22000 	C:\Windows\SYSTEM32\MSASN1.dll
0x00007ffca5e70000 - 0x00007ffca62e0000 	C:\Windows\System32\setupapi.DLL
0x00007ffca4190000 - 0x00007ffca41de000 	C:\Windows\System32\cfgmgr32.dll
0x00007ffca3f90000 - 0x00007ffca3fb4000 	C:\Windows\SYSTEM32\profapi.dll
0x00007ffca2c90000 - 0x00007ffca2ca4000 	C:\Windows\SYSTEM32\wtsapi32.dll
0x00007ffca38f0000 - 0x00007ffca38fc000 	C:\Windows\SYSTEM32\CRYPTBASE.DLL
0x00007ffca41e0000 - 0x00007ffca4262000 	C:\Windows\System32\bcryptPrimitives.dll
0x00007ffca4de0000 - 0x00007ffca4de8000 	C:\Windows\System32\Psapi.dll
0x00007ffc95270000 - 0x00007ffc9529a000 	C:\Windows\SYSTEM32\ntdsapi.dll
0x00007ffc95f70000 - 0x00007ffc95f7c000 	C:\Windows\SYSTEM32\DSPARSE.DLL
0x00007ffc9e7c0000 - 0x00007ffc9e825000 	C:\Windows\SYSTEM32\Wevtapi.dll
0x00007ffca58d0000 - 0x00007ffca58ed000 	C:\Windows\System32\imagehlp.dll
0x00007ffca38d0000 - 0x00007ffca38e8000 	C:\Windows\SYSTEM32\CRYPTSP.dll
0x00007ffca2ef0000 - 0x00007ffca2f28000 	C:\Windows\system32\rsaenh.dll
0x000000006e7e0000 - 0x000000006e879000 	C:\Program Files\Immidio\Flex Profiles\FlexHook64.dll
0x00007ffca3250000 - 0x00007ffca3283000 	C:\Windows\SYSTEM32\ntmarta.dll
0x00007ffca3e60000 - 0x00007ffca3e99000 	C:\Windows\system32\vmwsci.dll
0x00007ffc9cda0000 - 0x00007ffc9cdac000 	C:\Users\PalRag\.jdks\ms-17.0.16\bin\vcruntime140_1.dll
0x00007ffc87840000 - 0x00007ffc878c9000 	C:\Users\PalRag\.jdks\ms-17.0.16\bin\msvcp140.dll
0x00007ffc57d70000 - 0x00007ffc589ea000 	C:\Users\PalRag\.jdks\ms-17.0.16\bin\server\jvm.dll
0x00007ffca3ec0000 - 0x00007ffca3f0b000 	C:\Windows\SYSTEM32\POWRPROF.dll
0x00007ffc934e0000 - 0x00007ffc93507000 	C:\Windows\SYSTEM32\WINMM.dll
0x00007ffca3ea0000 - 0x00007ffca3eb2000 	C:\Windows\SYSTEM32\UMPDC.dll
0x00007ffca2c30000 - 0x00007ffca2c42000 	C:\Windows\SYSTEM32\kernel.appcore.dll
0x00007ffc9a0a0000 - 0x00007ffc9a0aa000 	C:\Users\PalRag\.jdks\ms-17.0.16\bin\jimage.dll
0x00007ffca1f00000 - 0x00007ffca2101000 	C:\Windows\SYSTEM32\DBGHELP.DLL
0x00007ffc978a0000 - 0x00007ffc978d4000 	C:\Windows\SYSTEM32\dbgcore.DLL
0x00007ffc9ddd0000 - 0x00007ffc9dddf000 	C:\Users\PalRag\.jdks\ms-17.0.16\bin\instrument.dll
0x00007ffc97340000 - 0x00007ffc97366000 	C:\Users\PalRag\.jdks\ms-17.0.16\bin\java.dll
0x00007ffc979f0000 - 0x00007ffc97a08000 	C:\Users\PalRag\.jdks\ms-17.0.16\bin\zip.dll
0x00007ffc78840000 - 0x00007ffc78916000 	C:\Users\PalRag\.jdks\ms-17.0.16\bin\jsvml.dll
0x00007ffca1630000 - 0x00007ffca1dd4000 	C:\Windows\SYSTEM32\windows.storage.dll
0x00007ffca3980000 - 0x00007ffca39ab000 	C:\Windows\SYSTEM32\Wldp.dll
0x00007ffca5c60000 - 0x00007ffca5d0d000 	C:\Windows\System32\SHCORE.dll
0x00007ffc97ad0000 - 0x00007ffc97aeb000 	C:\Users\PalRag\.jdks\ms-17.0.16\bin\net.dll
0x00007ffca2f80000 - 0x00007ffca308a000 	C:\Windows\SYSTEM32\WINHTTP.dll
0x00007ffca36e0000 - 0x00007ffca374a000 	C:\Windows\system32\mswsock.dll
0x00007ffc97a70000 - 0x00007ffc97a86000 	C:\Users\PalRag\.jdks\ms-17.0.16\bin\nio.dll
0x00007ffc99f90000 - 0x00007ffc99f99000 	C:\Users\PalRag\.jdks\ms-17.0.16\bin\extnet.dll
0x00007ffc99640000 - 0x00007ffc99650000 	C:\Users\PalRag\.jdks\ms-17.0.16\bin\verify.dll
0x00007ffca33c0000 - 0x00007ffca33fb000 	C:\Windows\SYSTEM32\IPHLPAPI.DLL
0x000001e5cfdd0000 - 0x000001e5cfdd8000 	C:\Windows\System32\NSI.dll
0x00007ffc9f6d0000 - 0x00007ffc9f6e7000 	C:\Windows\SYSTEM32\dhcpcsvc6.DLL
0x00007ffc9f140000 - 0x00007ffc9f15d000 	C:\Windows\SYSTEM32\dhcpcsvc.DLL
0x00007ffca3400000 - 0x00007ffca34ca000 	C:\Windows\SYSTEM32\DNSAPI.dll
0x00007ffc9ba80000 - 0x00007ffc9ba8e000 	C:\Users\PalRag\.jdks\ms-17.0.16\bin\sunmscapi.dll
0x00007ffca39f0000 - 0x00007ffca3a17000 	C:\Windows\SYSTEM32\ncrypt.dll
0x00007ffca39b0000 - 0x00007ffca39eb000 	C:\Windows\SYSTEM32\NTASN1.dll
0x00007ffc8cd90000 - 0x00007ffc8cd97000 	C:\Windows\system32\wshunix.dll
0x000001e5cff00000 - 0x000001e5cff0a000 	C:\Windows\System32\rasadhlp.dll
0x00007ffc9f9f0000 - 0x00007ffc9fa70000 	C:\Windows\System32\fwpuclnt.dll
0x00007ffc9c1d0000 - 0x00007ffc9c1da000 	C:\Users\PalRag\.jdks\ms-17.0.16\bin\management.dll
0x00007ffc9c1c0000 - 0x00007ffc9c1cc000 	C:\Users\PalRag\.jdks\ms-17.0.16\bin\management_ext.dll
0x00007ffca27f0000 - 0x00007ffca2813000 	C:\Windows\SYSTEM32\gpapi.dll
0x00007ffc93410000 - 0x00007ffc93427000 	C:\Windows\system32\napinsp.dll
0x00007ffc933f0000 - 0x00007ffc9340b000 	C:\Windows\system32\pnrpnsp.dll
0x00007ffc93370000 - 0x00007ffc9338d000 	C:\Windows\system32\wshbth.dll
0x00007ffc9c950000 - 0x00007ffc9c96d000 	C:\Windows\system32\NLAapi.dll
0x00007ffc93310000 - 0x00007ffc93322000 	C:\Windows\System32\winrnr.dll

dbghelp: loaded successfully - version: 4.0.5 - missing functions: none
symbol engine: initialized successfully - sym options: 0x614 - pdb path: .;C:\Users\PalRag\.jdks\ms-17.0.16\bin;C:\Windows\SYSTEM32;C:\Program Files\Rapid7\Insight Agent\components\armor\common\Armor;C:\Windows\WinSxS\amd64_microsoft.windows.common-controls_6595b64144ccf1df_6.0.19041.5915_none_60b4b9d171f9c7c7;C:\Program Files\Immidio\Flex Profiles;C:\Users\PalRag\.jdks\ms-17.0.16\bin\server

VM Arguments:
jvm_args: -javaagent:C:\Users\PalRag\AppData\Local\JetBrains\IdeaIC2025.2\captureAgent\debugger-agent.jar=file:///C:/Users/PalRag/AppData/Local/Temp/capture9679927712776534021.props -ea -DtestType=UI -Didea.test.cyclic.buffer.size=1048576 -javaagent:C:\Users\PalRag\Documents\Development\IntelliJ IDEA Community Edition 2025.2\lib\idea_rt.jar=56392 -Dkotlinx.coroutines.debug.enable.creation.stack.trace=false -Ddebugger.agent.enable.coroutines=true -Dkotlinx.coroutines.debug.enable.flows.stack.trace=true -Dkotlinx.coroutines.debug.enable.mutable.state.flows.stack.trace=true -Dfile.encoding=UTF-8 
java_command: com.intellij.rt.testng.RemoteTestNGStarter -usedefaultlisteners false -socket56390 @w@C:\Users\PalRag\AppData\Local\Temp\idea_working_dirs_testng9.tmp -temp C:\Users\PalRag\AppData\Local\Temp\idea_testng8.tmp
java_class_path (initial): C:\Users\PalRag\Documents\Development\IntelliJ IDEA Community Edition 2025.2\lib\idea_rt.jar;C:\Users\PalRag\Documents\Development\IntelliJ IDEA Community Edition 2025.2\plugins\testng\lib\testng-rt.jar;C:\Users\PalRag\Documents\Inteliji\GitHub\testing_repo\rac_pad_ui\target\test-classes;C:\Users\PalRag\Documents\Inteliji\GitHub\testing_repo\rac_pad_ui\target\classes;C:\Users\PalRag\Documents\Inteliji\GitHub\testing_repo\rac_pad_commons\target\classes;C:\Users\PalRag\Documents\Inteliji\GitHub\testing_repo\rac_pad_secure\target\classes;C:\Users\PalRag\.m2\repository\software\amazon\awssdk\sts\2.32.5\sts-2.32.5.jar;C:\Users\PalRag\.m2\repository\software\amazon\awssdk\aws-query-protocol\2.32.5\aws-query-protocol-2.32.5.jar;C:\Users\PalRag\Documents\Inteliji\GitHub\testing_repo\rac_pad_api\target\classes;C:\Users\PalRag\Documents\Inteliji\GitHub\testing_repo\rac_pad_db\target\classes;C:\Users\PalRag\.m2\repository\com\networknt\json-schema-validator\1.0.82\json-schema-validator-1.0.82.jar;C:\Users\PalRag\.m2\repository\com\ethlo\time\itu\1.7.0\itu-1.7.0.jar;C:\Users\PalRag\.m2\repository\com\fasterxml\jackson\dataformat\jackson-dataformat-yaml\2.14.2\jackson-dataformat-yaml-2.14.2.jar;C:\Users\PalRag\.m2\repository\com\google\protobuf\protobuf-java\3.25.5\protobuf-java-3.25.5.jar;C:\Users\PalRag\.m2\repository\com\squareup\okio\okio\1.17.6\okio-1.17.6.jar;C:\Users\PalRag\.m2\repository\net\minidev\json-smart\2.5.2\json-smart-2.5.2.jar;C:\Users\PalRag\.m2\repository\net\minidev\accessors-smart\2.5.2\accessors-smart-2.5.2.jar;C:\Users\PalRag\.m2\repository\org\ow2\asm\asm\9.7.1\asm-9.7.1.jar;C:\Users\PalRag\.m2\repository\org\seleniumhq\selenium\selenium-java\4.33.0\selenium-java-4.33.0.jar;C:\Users\PalRag\.m2\repository\org\seleniumhq\selenium\selenium-api\4.33.0\selenium-api-4.33.0.jar;C:\Users\PalRag\.m2\repository\org\jspecify\jspecify\1.0.0\jspecify-1.0.0.jar;C:\Users\PalRag\.m2\repository\org\seleniumhq\selenium\selenium-chrome-driver\4
Launcher Type: SUN_STANDARD

[Global flags]
     intx CICompilerCount                          = 3                                         {product} {ergonomic}
     uint ConcGCThreads                            = 1                                         {product} {ergonomic}
     uint G1ConcRefinementThreads                  = 4                                         {product} {ergonomic}
   size_t G1HeapRegionSize                         = 4194304                                   {product} {ergonomic}
    uintx GCDrainStackTargetSize                   = 64                                        {product} {ergonomic}
   size_t InitialHeapSize                          = 536870912                                 {product} {ergonomic}
   size_t MarkStackSize                            = 4194304                                   {product} {ergonomic}
   size_t MaxHeapSize                              = 8589934592                                {product} {ergonomic}
   size_t MaxNewSize                               = 5150605312                                {product} {ergonomic}
   size_t MinHeapDeltaBytes                        = 4194304                                   {product} {ergonomic}
   size_t MinHeapSize                              = 8388608                                   {product} {ergonomic}
    uintx NonNMethodCodeHeapSize                   = 5832780                                {pd product} {ergonomic}
    uintx NonProfiledCodeHeapSize                  = 122912730                              {pd product} {ergonomic}
    uintx ProfiledCodeHeapSize                     = 122912730                              {pd product} {ergonomic}
    uintx ReservedCodeCacheSize                    = 251658240                              {pd product} {ergonomic}
     bool SegmentedCodeCache                       = true                                      {product} {ergonomic}
   size_t SoftMaxHeapSize                          = 8589934592                             {manageable} {ergonomic}
     bool UseCompressedClassPointers               = true                           {product lp64_product} {ergonomic}
     bool UseCompressedOops                        = true                           {product lp64_product} {ergonomic}
     bool UseG1GC                                  = true                                      {product} {ergonomic}
     bool UseLargePagesIndividualAllocation        = false                                  {pd product} {ergonomic}

Logging:
Log output configuration:
 #0: stdout all=warning uptime,level,tags
 #1: stderr all=off uptime,level,tags

Environment Variables:
JAVA_HOME=C:\Users\PalRag\.jdks\ms-17.0.16
PATH=C:\Windows\system32;C:\Windows;C:\Windows\System32\Wbem;C:\Windows\System32\WindowsPowerShell\v1.0\;C:\Windows\System32\OpenSSH\;C:\Program Files (x86)\Kofax\Capture\ImgCtls\bin;C:\Program Files (x86)\Kofax\Capture\Bin;C:\ProgramData\Oracle\Java\javapath;C:\Program Files (x86)\Java\jdk1.8.0_144\bin;C:\Program Files\Java\jdk1.8.0_144\bin;C:\Program Files (x86)\Java\jre1.8.0_144\bin;C:\Program Files\Java\jre1.8.0_144\bin;C:\Program Files\Git\cmd;C:\Informatica\10.1.0\clients\tools\datadirect;C:\Informatica\10.1.0\clients\tools\odbcdrv;C:\Informatica\10.1.0\clients\tools\jdbcdrv;C:\Informatica\10.1.0\clients\tools\sharedlibs;C:\ProgramData\Anaconda3;C:\ProgramData\Anaconda3\Library\mingw-w64\bin;C:\ProgramData\Anaconda3\Library\usr\bin;C:\ProgramData\Anaconda3\Library\bin;C:\ProgramData\Anaconda3\Scripts;C:\Python313\Scripts;C:\Python313;C:\Program Files\nodejs;C:\ProgramData\chocolatey\bin;C:\Program Files\Java\jdk1.8.0_144\bin;C:\apache-maven-3.6.3\bin
USERNAME=PalRag
OS=Windows_NT
PROCESSOR_IDENTIFIER=Intel64 Family 6 Model 85 Stepping 7, GenuineIntel
TMP=C:\Users\PalRag\AppData\Local\Temp
TEMP=C:\Users\PalRag\AppData\Local\Temp



Periodic native trim disabled


---------------  S Y S T E M  ---------------

OS:
 Windows 10 , 64 bit Build 19041 (10.0.19041.5915)
OS uptime: 27 days 16:14 hours
VMWare virtualization detected

CPU: total 4 (initial active 4) (1 cores per cpu, 1 threads per core) family 6 model 85 stepping 7 microcode 0x5003801, cx8, cmov, fxsr, mmx, 3dnowpref, sse, sse2, sse3, ssse3, sse4.1, sse4.2, popcnt, lzcnt, tsc, tscinvbit, avx, avx2, aes, erms, clmul, bmi1, bmi2, adx, avx512f, avx512dq, avx512cd, avx512bw, avx512vl, fma, vzeroupper, avx512_vnni, clflush, clflushopt, clwb, hv
Processor Information for the first 4 processors :
  Max Mhz: 2500, Current Mhz: 2500, Mhz Limit: 2500

Memory: 4k page, system-wide physical 32767M (257M free)
TotalPageFile size 48112M (AvailPageFile size 6M)
current process WorkingSet (physical memory assigned to process): 468M, peak: 494M
current process commit charge ("private bytes"): 495M, peak: 684M

vm_info: OpenJDK 64-Bit Server VM (17.0.16+8-LTS) for windows-amd64 JRE (17.0.16+8-LTS), built on Jul 10 2025 00:24:24 by "MicrosoftCorporation" with unknown MS VC++:1944

END.
